2025-04-30 23:38:26,562 - INFO - New project added : dxx_2025'
2025-05-03 03:41:34,668 - INFO - New project added : dxx_card_2025'
2025-05-03 03:51:33,887 - INFO - Saving member -- No : 1'
2025-05-03 03:51:33,888 - INFO - Saving member -- No : 2'
2025-05-03 03:51:33,910 - INFO - Saving member -- No : 3'
2025-05-03 03:51:33,942 - INFO - Saving member -- No : 4'
2025-05-03 03:51:33,944 - INFO - Saving member -- No : 5'
2025-05-03 03:51:33,949 - INFO - Saving member -- No : 6'
2025-05-03 03:51:34,002 - INFO - Saving member -- No : 7'
2025-05-03 03:51:34,047 - INFO - Saving member -- No : 8'
2025-05-03 03:51:34,125 - INFO - Saving member -- No : 9'
2025-05-03 03:51:34,158 - INFO - Saving member -- No : 10'
2025-05-03 03:51:34,195 - INFO - Saving member -- No : 11'
2025-05-03 03:51:34,223 - INFO - Saving member -- No : 12'
2025-05-03 03:51:34,267 - INFO - Saving member -- No : 13'
2025-05-03 03:51:34,290 - INFO - Saving member -- No : 14'
2025-05-03 03:51:34,291 - WARNING - String El hadji Papa Atoumane is too long...'
2025-05-03 03:51:34,292 - INFO - Saving member -- No : 15'
2025-05-03 03:51:34,294 - INFO - Saving member -- No : 16'
2025-05-03 03:51:34,302 - WARNING - String Mouhammadou Lamine Bara is too long...'
2025-05-03 03:51:34,303 - INFO - Saving member -- No : 17'
2025-05-03 03:51:34,369 - INFO - Saving member -- No : 18'
2025-05-03 03:51:34,390 - INFO - Saving member -- No : 19'
2025-05-03 03:51:34,392 - INFO - Saving member -- No : 20'
2025-05-03 03:51:34,396 - INFO - Saving member -- No : 21'
2025-05-03 03:51:34,399 - INFO - Saving member -- No : 22'
2025-05-03 03:51:34,403 - INFO - Saving member -- No : 23'
2025-05-03 03:51:34,405 - INFO - Saving member -- No : 24'
2025-05-03 03:51:34,409 - INFO - Saving member -- No : 25'
2025-05-03 03:51:34,414 - INFO - Saving member -- No : 26'
2025-05-03 03:51:34,418 - INFO - Saving member -- No : 27'
2025-05-03 03:51:38,220 - INFO - Saving member -- No : 28'
2025-05-03 03:51:38,224 - INFO - Saving member -- No : 29'
2025-05-03 03:51:38,228 - INFO - Saving member -- No : 30'
2025-05-03 03:51:38,232 - INFO - Saving member -- No : 31'
2025-05-03 03:51:38,237 - INFO - Saving member -- No : 32'
2025-05-03 03:51:38,241 - INFO - Saving member -- No : 33'
2025-05-03 03:51:38,244 - INFO - Saving member -- No : 34'
2025-05-03 03:51:38,248 - INFO - Saving member -- No : 35'
2025-05-03 03:51:38,253 - INFO - Saving member -- No : 36'
2025-05-03 03:51:38,257 - INFO - Saving member -- No : 37'
2025-05-03 03:51:38,260 - INFO - Saving member -- No : 38'
2025-05-03 03:51:38,271 - INFO - Saving member -- No : 39'
2025-05-03 03:51:38,278 - INFO - Saving member -- No : 40'
2025-05-03 03:51:38,283 - INFO - Saving member -- No : 41'
2025-05-03 03:51:53,441 - INFO - Saving member -- No : 42'
2025-05-03 03:51:53,451 - INFO - Saving member -- No : 43'
2025-05-03 03:51:53,463 - INFO - Saving member -- No : 44'
2025-05-03 03:51:53,481 - INFO - Saving member -- No : 45'
2025-05-03 03:51:53,508 - INFO - Saving member -- No : 46'
2025-05-03 03:51:53,535 - INFO - Saving member -- No : 47'
2025-05-03 03:51:53,546 - INFO - Saving member -- No : 48'
2025-05-03 03:51:53,559 - INFO - Saving member -- No : 49'
2025-05-03 03:51:56,061 - INFO - Saving member -- No : 50'
2025-05-03 03:51:56,064 - INFO - Saving member -- No : 51'
2025-05-03 03:51:56,068 - INFO - Saving member -- No : 52'
2025-05-03 03:51:56,073 - INFO - Saving member -- No : 53'
2025-05-03 03:51:56,077 - INFO - Saving member -- No : 54'
2025-05-03 03:51:56,081 - INFO - Saving member -- No : 55'
2025-05-03 03:51:56,085 - INFO - Saving member -- No : 56'
2025-05-03 03:51:56,089 - INFO - Saving member -- No : 57'
2025-05-03 03:51:56,094 - INFO - Saving member -- No : 58'
2025-05-03 03:51:56,099 - INFO - Saving member -- No : 59'
2025-05-03 03:51:56,111 - INFO - Saving member -- No : 60'
2025-05-03 03:51:56,120 - INFO - Saving member -- No : 61'
2025-05-03 03:51:56,128 - INFO - Saving member -- No : 62'
2025-05-03 03:51:56,143 - INFO - Saving member -- No : 63'
2025-05-03 03:51:56,155 - INFO - Saving member -- No : 64'
2025-05-03 03:51:56,167 - INFO - Saving member -- No : 65'
2025-05-03 03:51:56,179 - INFO - Saving member -- No : 66'
2025-05-03 03:51:56,189 - INFO - Saving member -- No : 67'
2025-05-03 03:51:56,206 - INFO - Saving member -- No : 68'
2025-05-03 03:51:56,218 - INFO - Saving member -- No : 69'
2025-05-03 03:51:56,226 - INFO - Saving member -- No : 70'
2025-05-03 03:51:56,240 - INFO - Saving member -- No : 71'
2025-05-03 03:51:56,252 - INFO - Saving member -- No : 72'
2025-05-03 03:51:56,271 - INFO - Saving member -- No : 73'
2025-05-03 03:51:56,284 - INFO - Saving member -- No : 74'
2025-05-03 03:51:56,301 - INFO - Saving member -- No : 75'
2025-05-03 03:51:56,307 - INFO - Saving member -- No : 76'
2025-05-03 03:51:56,311 - INFO - Saving member -- No : 77'
2025-05-03 03:51:56,316 - INFO - Saving member -- No : 78'
2025-05-03 03:51:56,321 - INFO - Saving member -- No : 79'
2025-05-03 03:51:56,328 - INFO - Saving member -- No : 80'
2025-05-03 03:51:56,334 - INFO - Saving member -- No : 81'
2025-05-03 03:51:56,342 - INFO - Saving member -- No : 82'
2025-05-03 03:51:56,349 - INFO - Saving member -- No : 83'
2025-05-03 03:51:56,395 - INFO - Saving member -- No : 84'
2025-05-03 03:51:56,399 - INFO - Saving member -- No : 85'
2025-05-03 03:51:59,372 - WARNING - Got invalid number'
2025-05-03 03:51:59,372 - INFO - Saving member -- No : 86'
2025-05-03 03:51:59,377 - INFO - Saving member -- No : 87'
2025-05-03 03:51:59,385 - INFO - Saving member -- No : 88'
2025-05-03 03:51:59,399 - INFO - Saving member -- No : 89'
2025-05-03 03:51:59,407 - INFO - Saving member -- No : 90'
2025-05-03 03:51:59,418 - INFO - Saving member -- No : 91'
2025-05-03 03:51:59,444 - INFO - Saving member -- No : 92'
2025-05-03 03:52:02,029 - INFO - Saving member -- No : 93'
2025-05-03 03:52:02,035 - INFO - Saving member -- No : 94'
2025-05-03 03:52:02,040 - INFO - Saving member -- No : 95'
2025-05-03 03:52:02,046 - INFO - Saving member -- No : 96'
2025-05-03 03:52:02,051 - INFO - Saving member -- No : 97'
2025-05-03 03:52:02,060 - INFO - Saving member -- No : 98'
2025-05-03 03:52:02,066 - INFO - Saving member -- No : 99'
2025-05-03 03:52:03,671 - INFO - Saving member -- No : 100'
2025-05-03 03:52:03,677 - INFO - Saving member -- No : 101'
2025-05-03 03:52:03,684 - INFO - Saving member -- No : 102'
2025-05-03 03:52:03,689 - INFO - Saving member -- No : 103'
2025-05-03 03:52:03,695 - INFO - Saving member -- No : 104'
2025-05-03 03:52:03,700 - INFO - Saving member -- No : 105'
2025-05-03 03:52:03,706 - INFO - Saving member -- No : 106'
2025-05-03 03:52:07,029 - INFO - Saving member -- No : 107'
2025-05-03 16:05:42,814 - INFO - New project added : dxx_card_2025'
2025-05-03 16:12:24,619 - INFO - Saving member -- No : 1'
2025-05-03 16:12:24,625 - INFO - Saving member -- No : 2'
2025-05-03 16:12:24,655 - INFO - Saving member -- No : 3'
2025-05-03 16:12:24,670 - INFO - Saving member -- No : 4'
2025-05-03 16:12:24,686 - INFO - Saving member -- No : 5'
2025-05-03 16:12:24,704 - INFO - Saving member -- No : 6'
2025-05-03 16:12:24,716 - INFO - Saving member -- No : 7'
2025-05-03 16:12:24,734 - INFO - Saving member -- No : 8'
2025-05-03 16:12:24,755 - INFO - Saving member -- No : 9'
2025-05-03 16:12:24,780 - INFO - Saving member -- No : 10'
2025-05-03 16:12:24,805 - INFO - Saving member -- No : 11'
2025-05-03 16:12:24,824 - INFO - Saving member -- No : 12'
2025-05-03 16:12:24,845 - INFO - Saving member -- No : 13'
2025-05-03 16:12:24,849 - INFO - Saving member -- No : 14'
2025-05-03 16:12:24,852 - WARNING - String El hadji Papa Atoumane is too long...'
2025-05-03 16:12:24,853 - INFO - Saving member -- No : 15'
2025-05-03 16:12:24,856 - INFO - Saving member -- No : 16'
2025-05-03 16:12:24,859 - WARNING - String Mouhammadou Lamine Bara is too long...'
2025-05-03 16:12:24,859 - INFO - Saving member -- No : 17'
2025-05-03 16:12:24,864 - INFO - Saving member -- No : 18'
2025-05-03 16:12:24,870 - INFO - Saving member -- No : 19'
2025-05-03 16:12:24,874 - INFO - Saving member -- No : 20'
2025-05-03 16:12:24,877 - INFO - Saving member -- No : 21'
2025-05-03 16:12:24,886 - INFO - Saving member -- No : 22'
2025-05-03 16:12:24,972 - INFO - Saving member -- No : 23'
2025-05-03 16:12:25,003 - INFO - Saving member -- No : 24'
2025-05-03 16:12:25,031 - INFO - Saving member -- No : 25'
2025-05-03 16:12:25,045 - INFO - Saving member -- No : 26'
2025-05-03 16:12:25,112 - INFO - Saving member -- No : 27'
2025-05-03 16:12:25,162 - INFO - Saving member -- No : 28'
2025-05-03 16:12:25,190 - INFO - Saving member -- No : 29'
2025-05-03 16:12:25,243 - INFO - Saving member -- No : 30'
2025-05-03 16:12:25,254 - INFO - Saving member -- No : 31'
2025-05-03 16:12:25,276 - INFO - Saving member -- No : 32'
2025-05-03 16:12:25,281 - INFO - Saving member -- No : 33'
2025-05-03 16:12:25,286 - INFO - Saving member -- No : 34'
2025-05-03 16:12:25,291 - INFO - Saving member -- No : 35'
2025-05-03 16:12:25,295 - INFO - Saving member -- No : 36'
2025-05-03 16:12:25,301 - INFO - Saving member -- No : 37'
2025-05-03 16:12:25,318 - INFO - Saving member -- No : 38'
2025-05-03 16:12:25,326 - INFO - Saving member -- No : 39'
2025-05-03 16:12:25,341 - INFO - Saving member -- No : 40'
2025-05-03 16:12:25,359 - INFO - Saving member -- No : 41'
2025-05-03 16:12:25,367 - INFO - Saving member -- No : 42'
2025-05-03 16:12:25,375 - INFO - Saving member -- No : 43'
2025-05-03 16:12:25,380 - INFO - Saving member -- No : 44'
2025-05-03 16:12:25,386 - INFO - Saving member -- No : 45'
2025-05-03 16:12:25,399 - INFO - Saving member -- No : 46'
2025-05-03 16:12:25,405 - INFO - Saving member -- No : 47'
2025-05-03 16:12:25,413 - INFO - Saving member -- No : 48'
2025-05-03 16:12:25,425 - INFO - Saving member -- No : 49'
2025-05-03 16:12:25,458 - INFO - Saving member -- No : 50'
2025-05-03 16:12:25,490 - INFO - Saving member -- No : 51'
2025-05-03 16:12:25,499 - INFO - Saving member -- No : 52'
2025-05-03 16:12:25,506 - INFO - Saving member -- No : 53'
2025-05-03 16:12:25,518 - INFO - Saving member -- No : 54'
2025-05-03 16:12:25,524 - INFO - Saving member -- No : 55'
2025-05-03 16:12:25,534 - INFO - Saving member -- No : 56'
2025-05-03 16:12:25,541 - INFO - Saving member -- No : 57'
2025-05-03 16:12:25,565 - INFO - Saving member -- No : 58'
2025-05-03 16:12:25,574 - INFO - Saving member -- No : 59'
2025-05-03 16:12:25,586 - INFO - Saving member -- No : 60'
2025-05-03 16:12:25,593 - INFO - Saving member -- No : 61'
2025-05-03 16:12:25,602 - INFO - Saving member -- No : 62'
2025-05-03 16:12:25,613 - INFO - Saving member -- No : 63'
2025-05-03 16:12:25,623 - INFO - Saving member -- No : 64'
2025-05-03 16:12:25,641 - INFO - Saving member -- No : 65'
2025-05-03 16:12:25,651 - INFO - Saving member -- No : 66'
2025-05-03 16:12:25,658 - INFO - Saving member -- No : 67'
2025-05-03 16:12:25,664 - INFO - Saving member -- No : 68'
2025-05-03 16:12:25,672 - INFO - Saving member -- No : 69'
2025-05-03 16:12:25,680 - INFO - Saving member -- No : 70'
2025-05-03 16:12:25,692 - INFO - Saving member -- No : 71'
2025-05-03 16:12:25,711 - INFO - Saving member -- No : 72'
2025-05-03 16:12:25,726 - INFO - Saving member -- No : 73'
2025-05-03 16:12:25,763 - INFO - Saving member -- No : 74'
2025-05-03 16:12:25,779 - INFO - Saving member -- No : 75'
2025-05-03 16:12:25,790 - INFO - Saving member -- No : 76'
2025-05-03 16:12:25,800 - INFO - Saving member -- No : 77'
2025-05-03 16:12:25,816 - INFO - Saving member -- No : 78'
2025-05-03 16:12:25,825 - INFO - Saving member -- No : 79'
2025-05-03 16:12:25,835 - INFO - Saving member -- No : 80'
2025-05-03 16:12:25,847 - INFO - Saving member -- No : 81'
2025-05-03 16:12:25,857 - INFO - Saving member -- No : 82'
2025-05-03 16:12:25,866 - INFO - Saving member -- No : 83'
2025-05-03 16:12:25,873 - INFO - Saving member -- No : 84'
2025-05-03 16:12:25,882 - INFO - Saving member -- No : 85'
2025-05-03 16:12:25,890 - INFO - Saving member -- No : 86'
2025-05-03 16:12:25,900 - INFO - Saving member -- No : 87'
2025-05-03 16:12:25,909 - INFO - Saving member -- No : 88'
2025-05-03 16:12:25,918 - INFO - Saving member -- No : 89'
2025-05-03 16:12:50,324 - WARNING - Got invalid number'
2025-05-03 16:12:50,325 - INFO - Saving member -- No : 90'
2025-05-03 16:12:50,334 - INFO - Saving member -- No : 91'
2025-05-03 16:12:50,344 - INFO - Saving member -- No : 92'
2025-05-03 16:12:50,351 - INFO - Saving member -- No : 93'
2025-05-03 16:12:50,357 - INFO - Saving member -- No : 94'
2025-05-03 16:12:50,370 - INFO - Saving member -- No : 95'
2025-05-03 16:12:50,383 - INFO - Saving member -- No : 96'
2025-05-03 16:12:50,402 - INFO - Saving member -- No : 97'
2025-05-03 16:12:50,423 - INFO - Saving member -- No : 98'
2025-05-03 16:12:50,437 - INFO - Saving member -- No : 99'
2025-05-03 16:12:50,452 - INFO - Saving member -- No : 100'
2025-05-03 16:12:50,478 - INFO - Saving member -- No : 101'
2025-05-03 16:12:50,495 - INFO - Saving member -- No : 102'
2025-05-03 16:12:50,518 - INFO - Saving member -- No : 103'
2025-05-03 16:12:50,549 - INFO - Saving member -- No : 104'
2025-05-03 16:12:50,578 - INFO - Saving member -- No : 105'
2025-05-03 16:12:50,603 - INFO - Saving member -- No : 106'
2025-05-03 16:12:50,624 - INFO - Saving member -- No : 107'
2025-05-03 16:12:50,643 - INFO - Saving member -- No : 108'
2025-05-03 16:12:50,657 - INFO - Saving member -- No : 109'
2025-05-03 16:12:50,668 - INFO - Saving member -- No : 110'
2025-05-03 16:12:50,683 - INFO - Saving member -- No : 111'
2025-05-30 22:36:33,084 - INFO - New project added : islaahu_daarayni'
2025-05-30 22:54:08,796 - WARNING - String Serigne Khadim Ndiguel is too long...'
2025-05-30 22:55:51,019 - WARNING - String Serigne Khadim Ndiguel is too long...'
2025-05-30 22:56:09,896 - WARNING - String Serigne Khadim Ndiguel is too long...'
2025-05-30 22:56:34,016 - WARNING - String Serigne Khadim Ndiguel is too long...'
2025-05-30 22:57:02,443 - WARNING - String Serigne Khadim Ndiguel is too long...'
2025-05-30 22:58:05,719 - WARNING - String Serigne Khadim Ndiguel is too long...'
2025-05-30 22:58:55,844 - WARNING - String Serigne Khadim Ndiguel is too long...'
2025-05-30 22:59:05,382 - WARNING - String Serigne Khadim Ndiguel is too long...'
2025-05-30 22:59:05,383 - INFO - Saving member -- No : 1'
2025-05-30 22:59:05,385 - INFO - Saving member -- No : 2'
2025-05-30 22:59:05,386 - WARNING - String Mouhamadou Lamine Bara is too long...'
2025-05-30 22:59:05,386 - INFO - Saving member -- No : 3'
2025-05-30 22:59:05,387 - INFO - Saving member -- No : 4'
2025-05-30 22:59:05,388 - INFO - Saving member -- No : 5'
2025-05-30 22:59:05,390 - INFO - Saving member -- No : 6'
2025-05-30 22:59:05,391 - INFO - Saving member -- No : 7'
2025-05-30 22:59:05,393 - INFO - Saving member -- No : 8'
2025-05-30 22:59:05,394 - INFO - Saving member -- No : 9'
2025-05-30 22:59:05,395 - INFO - Saving member -- No : 10'
2025-05-30 22:59:05,399 - INFO - Saving member -- No : 11'
2025-05-30 22:59:05,400 - INFO - Saving member -- No : 12'
2025-05-30 22:59:05,402 - INFO - Saving member -- No : 13'
2025-05-30 22:59:05,404 - INFO - Saving member -- No : 14'
2025-05-30 22:59:05,406 - INFO - Saving member -- No : 15'
2025-05-30 22:59:05,408 - INFO - Saving member -- No : 16'
2025-05-30 22:59:05,410 - INFO - Saving member -- No : 17'
2025-05-30 22:59:05,413 - INFO - Saving member -- No : 18'
2025-05-30 22:59:05,415 - INFO - Saving member -- No : 19'
2025-05-30 22:59:05,417 - INFO - Saving member -- No : 20'
2025-05-30 22:59:05,419 - INFO - Saving member -- No : 21'
2025-05-30 22:59:05,421 - WARNING - String Serigne Ahmadou Kharabat is too long...'
2025-05-30 22:59:05,421 - INFO - Saving member -- No : 22'
2025-05-30 22:59:05,423 - INFO - Saving member -- No : 23'
2025-05-30 22:59:05,425 - INFO - Saving member -- No : 24'
2025-05-30 22:59:05,427 - INFO - Saving member -- No : 25'
2025-05-30 22:59:05,429 - INFO - Saving member -- No : 26'
2025-05-30 22:59:05,431 - INFO - Saving member -- No : 27'
2025-05-30 22:59:05,433 - INFO - Saving member -- No : 28'
2025-05-30 22:59:05,434 - INFO - Saving member -- No : 29'
2025-05-30 22:59:05,436 - INFO - Saving member -- No : 30'
2025-05-30 22:59:05,438 - INFO - Saving member -- No : 31'
2025-05-30 22:59:05,440 - WARNING - String Serigne Bassirou Mbacke is too long...'
2025-05-30 22:59:05,441 - INFO - Saving member -- No : 32'
2025-05-30 22:59:05,443 - INFO - Saving member -- No : 33'
2025-05-30 22:59:05,451 - INFO - Saving member -- No : 34'
2025-05-30 22:59:05,453 - INFO - Saving member -- No : 35'
2025-05-30 22:59:05,458 - INFO - Saving member -- No : 36'
2025-05-30 22:59:05,461 - INFO - Saving member -- No : 37'
2025-05-30 22:59:05,464 - INFO - Saving member -- No : 38'
2025-05-30 22:59:05,466 - INFO - Saving member -- No : 39'
2025-05-30 22:59:05,470 - INFO - Saving member -- No : 40'
2025-05-30 22:59:05,473 - WARNING - String Serigne Moustapha Kharabat is too long...'
2025-05-30 22:59:05,473 - INFO - Saving member -- No : 41'
2025-05-30 22:59:05,475 - WARNING - String Serigne Cheikhouna Bombaly is too long...'
2025-05-30 22:59:05,476 - WARNING - Got invalid number'
2025-05-30 22:59:05,476 - INFO - Saving member -- No : 42'
2025-05-30 22:59:05,481 - WARNING - String Serigne Cheikh Bombaly is too long...'
2025-05-30 22:59:05,481 - WARNING - Got invalid number'
2025-05-30 22:59:05,481 - INFO - Saving member -- No : 43'
2025-05-30 22:59:05,489 - WARNING - Got invalid number'
2025-05-30 22:59:05,489 - INFO - Saving member -- No : 44'
2025-05-30 22:59:05,496 - INFO - Saving member -- No : 45'
2025-05-30 22:59:05,499 - WARNING - String Serigne Moustapha Norayni is too long...'
2025-05-30 22:59:05,499 - INFO - Saving member -- No : 46'
2025-05-30 22:59:05,502 - INFO - Saving member -- No : 47'
2025-05-30 22:59:05,506 - WARNING - String Serigne Mouhamed madina is too long...'
2025-05-30 22:59:05,506 - INFO - Saving member -- No : 48'
2025-05-30 22:59:05,509 - INFO - Saving member -- No : 49'
2025-05-30 23:10:17,880 - WARNING - String Serigne Khadim Ndiguel is too long...'
2025-05-30 23:10:17,881 - INFO - Saving member -- No : 1'
2025-05-30 23:10:17,887 - INFO - Saving member -- No : 2'
2025-05-30 23:10:17,891 - WARNING - String Mouhamadou Lamine Bara is too long...'
2025-05-30 23:10:17,892 - INFO - Saving member -- No : 3'
2025-05-30 23:10:17,895 - INFO - Saving member -- No : 4'
2025-05-30 23:10:17,903 - INFO - Saving member -- No : 5'
2025-05-30 23:10:17,907 - INFO - Saving member -- No : 6'
2025-05-30 23:10:17,911 - INFO - Saving member -- No : 7'
2025-05-30 23:10:17,915 - INFO - Saving member -- No : 8'
2025-05-30 23:10:17,919 - INFO - Saving member -- No : 9'
2025-05-30 23:10:17,922 - INFO - Saving member -- No : 10'
2025-05-30 23:10:17,926 - INFO - Saving member -- No : 11'
2025-05-30 23:10:17,930 - INFO - Saving member -- No : 12'
2025-05-30 23:10:17,935 - INFO - Saving member -- No : 13'
2025-05-30 23:10:17,938 - INFO - Saving member -- No : 14'
2025-05-30 23:10:17,942 - INFO - Saving member -- No : 15'
2025-05-30 23:10:17,946 - INFO - Saving member -- No : 16'
2025-05-30 23:10:17,950 - INFO - Saving member -- No : 17'
2025-05-30 23:10:17,955 - INFO - Saving member -- No : 18'
2025-05-30 23:10:17,960 - INFO - Saving member -- No : 19'
2025-05-30 23:10:17,964 - INFO - Saving member -- No : 20'
2025-05-30 23:10:17,969 - INFO - Saving member -- No : 21'
2025-05-30 23:10:17,973 - WARNING - String Serigne Ahmadou Kharabat is too long...'
2025-05-30 23:10:17,974 - INFO - Saving member -- No : 22'
2025-05-30 23:10:17,978 - INFO - Saving member -- No : 23'
2025-05-30 23:10:17,985 - INFO - Saving member -- No : 24'
2025-05-30 23:10:17,990 - INFO - Saving member -- No : 25'
2025-05-30 23:10:17,994 - INFO - Saving member -- No : 26'
2025-05-30 23:10:17,998 - INFO - Saving member -- No : 27'
2025-05-30 23:10:18,006 - INFO - Saving member -- No : 28'
2025-05-30 23:10:18,014 - INFO - Saving member -- No : 29'
2025-05-30 23:10:18,020 - INFO - Saving member -- No : 30'
2025-05-30 23:10:18,026 - INFO - Saving member -- No : 31'
2025-05-30 23:10:18,033 - WARNING - String Serigne Bassirou Mbacke is too long...'
2025-05-30 23:10:18,034 - INFO - Saving member -- No : 32'
2025-05-30 23:10:18,039 - INFO - Saving member -- No : 33'
2025-05-30 23:10:18,047 - INFO - Saving member -- No : 34'
2025-05-30 23:10:18,054 - INFO - Saving member -- No : 35'
2025-05-30 23:10:18,062 - INFO - Saving member -- No : 36'
2025-05-30 23:10:18,070 - INFO - Saving member -- No : 37'
2025-05-30 23:10:18,077 - INFO - Saving member -- No : 38'
2025-05-30 23:10:18,084 - INFO - Saving member -- No : 39'
2025-05-30 23:10:18,088 - INFO - Saving member -- No : 40'
2025-05-30 23:10:18,094 - WARNING - String Serigne Moustapha Kharabat is too long...'
2025-05-30 23:10:18,094 - INFO - Saving member -- No : 41'
2025-05-30 23:10:18,103 - WARNING - String Serigne Cheikhouna Bombaly is too long...'
2025-05-30 23:10:18,103 - WARNING - Got invalid number'
2025-05-30 23:10:18,103 - INFO - Saving member -- No : 42'
2025-05-30 23:10:18,108 - WARNING - String Serigne Cheikh Bombaly is too long...'
2025-05-30 23:10:18,108 - WARNING - Got invalid number'
2025-05-30 23:10:18,109 - INFO - Saving member -- No : 43'
2025-05-30 23:10:18,116 - WARNING - Got invalid number'
2025-05-30 23:10:18,117 - INFO - Saving member -- No : 44'
2025-05-30 23:10:18,127 - INFO - Saving member -- No : 45'
2025-05-30 23:10:18,135 - WARNING - String Serigne Moustapha Norayni is too long...'
2025-05-30 23:10:18,136 - INFO - Saving member -- No : 46'
2025-05-30 23:10:18,141 - INFO - Saving member -- No : 47'
2025-05-30 23:10:18,146 - WARNING - String Serigne Mouhamed madina is too long...'
2025-05-30 23:10:18,146 - INFO - Saving member -- No : 48'
2025-05-30 23:10:18,151 - INFO - Saving member -- No : 49'
2025-05-30 23:10:36,628 - WARNING - String Serigne Khadim Ndiguel is too long...'
2025-05-30 23:10:36,630 - INFO - Saving member -- No : 1'
2025-05-30 23:10:36,643 - INFO - Saving member -- No : 2'
2025-05-30 23:10:36,649 - WARNING - String Mouhamadou Lamine Bara is too long...'
2025-05-30 23:10:36,649 - INFO - Saving member -- No : 3'
2025-05-30 23:10:36,653 - INFO - Saving member -- No : 4'
2025-05-30 23:10:36,658 - INFO - Saving member -- No : 5'
2025-05-30 23:10:36,665 - INFO - Saving member -- No : 6'
2025-05-30 23:10:36,670 - INFO - Saving member -- No : 7'
2025-05-30 23:10:36,677 - INFO - Saving member -- No : 8'
2025-05-30 23:10:36,681 - INFO - Saving member -- No : 9'
2025-05-30 23:10:36,687 - INFO - Saving member -- No : 10'
2025-05-30 23:10:36,693 - INFO - Saving member -- No : 11'
2025-05-30 23:10:36,700 - INFO - Saving member -- No : 12'
2025-05-30 23:10:36,710 - INFO - Saving member -- No : 13'
2025-05-30 23:10:36,717 - INFO - Saving member -- No : 14'
2025-05-30 23:10:36,723 - INFO - Saving member -- No : 15'
2025-05-30 23:10:36,730 - INFO - Saving member -- No : 16'
2025-05-30 23:10:36,737 - INFO - Saving member -- No : 17'
2025-05-30 23:10:36,744 - INFO - Saving member -- No : 18'
2025-05-30 23:10:36,809 - INFO - Saving member -- No : 19'
2025-05-30 23:10:36,842 - INFO - Saving member -- No : 20'
2025-05-30 23:10:36,887 - INFO - Saving member -- No : 21'
2025-05-30 23:10:36,938 - WARNING - String Serigne Ahmadou Kharabat is too long...'
2025-05-30 23:10:36,939 - INFO - Saving member -- No : 22'
2025-05-30 23:10:36,997 - INFO - Saving member -- No : 23'
2025-05-30 23:10:37,045 - INFO - Saving member -- No : 24'
2025-05-30 23:10:37,153 - INFO - Saving member -- No : 25'
2025-05-30 23:10:37,208 - INFO - Saving member -- No : 26'
2025-05-30 23:10:37,248 - INFO - Saving member -- No : 27'
2025-05-30 23:10:37,319 - INFO - Saving member -- No : 28'
2025-05-30 23:10:37,372 - INFO - Saving member -- No : 29'
2025-05-30 23:10:37,419 - INFO - Saving member -- No : 30'
2025-05-30 23:10:37,425 - INFO - Saving member -- No : 31'
2025-05-30 23:10:37,430 - WARNING - String Serigne Bassirou Mbacke is too long...'
2025-05-30 23:10:37,431 - INFO - Saving member -- No : 32'
2025-05-30 23:10:37,437 - INFO - Saving member -- No : 33'
2025-05-30 23:10:37,444 - INFO - Saving member -- No : 34'
2025-05-30 23:10:37,451 - INFO - Saving member -- No : 35'
2025-05-30 23:10:37,459 - INFO - Saving member -- No : 36'
2025-05-30 23:10:37,467 - INFO - Saving member -- No : 37'
2025-05-30 23:10:37,476 - INFO - Saving member -- No : 38'
2025-05-30 23:10:37,486 - INFO - Saving member -- No : 39'
2025-05-30 23:10:37,495 - INFO - Saving member -- No : 40'
2025-05-30 23:10:37,503 - WARNING - String Serigne Moustapha Kharabat is too long...'
2025-05-30 23:10:37,503 - INFO - Saving member -- No : 41'
2025-05-30 23:10:37,512 - WARNING - String Serigne Cheikhouna Bombaly is too long...'
2025-05-30 23:10:37,512 - WARNING - Got invalid number'
2025-05-30 23:10:37,513 - INFO - Saving member -- No : 42'
2025-05-30 23:10:37,520 - WARNING - String Serigne Cheikh Bombaly is too long...'
2025-05-30 23:10:37,521 - WARNING - Got invalid number'
2025-05-30 23:10:37,521 - INFO - Saving member -- No : 43'
2025-05-30 23:10:37,529 - WARNING - Got invalid number'
2025-05-30 23:10:37,529 - INFO - Saving member -- No : 44'
2025-05-30 23:10:37,537 - INFO - Saving member -- No : 45'
2025-05-30 23:10:37,549 - WARNING - String Serigne Moustapha Norayni is too long...'
2025-05-30 23:10:37,550 - INFO - Saving member -- No : 46'
2025-05-30 23:10:37,561 - INFO - Saving member -- No : 47'
2025-05-30 23:10:37,571 - WARNING - String Serigne Mouhamed madina is too long...'
2025-05-30 23:10:37,572 - INFO - Saving member -- No : 48'
2025-05-30 23:10:37,585 - INFO - Saving member -- No : 49'
2025-05-30 23:11:43,446 - WARNING - String Serigne Khadim Ndiguel is too long...'
2025-05-30 23:11:43,446 - INFO - Saving member -- No : 1'
2025-05-30 23:11:43,456 - INFO - Saving member -- No : 2'
2025-05-30 23:11:43,466 - WARNING - String Mouhamadou Lamine Bara is too long...'
2025-05-30 23:11:43,467 - INFO - Saving member -- No : 3'
2025-05-30 23:11:43,476 - INFO - Saving member -- No : 4'
2025-05-30 23:11:43,486 - INFO - Saving member -- No : 5'
2025-05-30 23:11:43,495 - INFO - Saving member -- No : 6'
2025-05-30 23:11:43,506 - INFO - Saving member -- No : 7'
2025-05-30 23:11:43,517 - INFO - Saving member -- No : 8'
2025-05-30 23:11:43,528 - INFO - Saving member -- No : 9'
2025-05-30 23:11:43,538 - INFO - Saving member -- No : 10'
2025-05-30 23:11:43,547 - INFO - Saving member -- No : 11'
2025-05-30 23:11:43,555 - INFO - Saving member -- No : 12'
2025-05-30 23:11:43,564 - INFO - Saving member -- No : 13'
2025-05-30 23:11:43,573 - INFO - Saving member -- No : 14'
2025-05-30 23:11:43,581 - INFO - Saving member -- No : 15'
2025-05-30 23:11:43,591 - INFO - Saving member -- No : 16'
2025-05-30 23:11:43,602 - INFO - Saving member -- No : 17'
2025-05-30 23:11:43,615 - INFO - Saving member -- No : 18'
2025-05-30 23:11:43,623 - INFO - Saving member -- No : 19'
2025-05-30 23:11:43,634 - INFO - Saving member -- No : 20'
2025-05-30 23:11:43,650 - INFO - Saving member -- No : 21'
2025-05-30 23:11:43,662 - WARNING - String Serigne Ahmadou Kharabat is too long...'
2025-05-30 23:11:43,662 - INFO - Saving member -- No : 22'
2025-05-30 23:11:43,669 - INFO - Saving member -- No : 23'
2025-05-30 23:11:43,677 - INFO - Saving member -- No : 24'
2025-05-30 23:11:43,685 - INFO - Saving member -- No : 25'
2025-05-30 23:11:43,694 - INFO - Saving member -- No : 26'
2025-05-30 23:11:43,702 - INFO - Saving member -- No : 27'
2025-05-30 23:11:43,709 - INFO - Saving member -- No : 28'
2025-05-30 23:11:43,717 - INFO - Saving member -- No : 29'
2025-05-30 23:11:43,729 - INFO - Saving member -- No : 30'
2025-05-30 23:11:43,745 - INFO - Saving member -- No : 31'
2025-05-30 23:11:43,759 - WARNING - String Serigne Bassirou Mbacke is too long...'
2025-05-30 23:11:43,759 - INFO - Saving member -- No : 32'
2025-05-30 23:11:43,768 - INFO - Saving member -- No : 33'
2025-05-30 23:11:43,777 - INFO - Saving member -- No : 34'
2025-05-30 23:11:43,787 - INFO - Saving member -- No : 35'
2025-05-30 23:11:43,797 - INFO - Saving member -- No : 36'
2025-05-30 23:11:43,807 - INFO - Saving member -- No : 37'
2025-05-30 23:11:43,816 - INFO - Saving member -- No : 38'
2025-05-30 23:11:43,825 - INFO - Saving member -- No : 39'
2025-05-30 23:11:43,867 - INFO - Saving member -- No : 40'
2025-05-30 23:11:43,915 - WARNING - String Serigne Moustapha Kharabat is too long...'
2025-05-30 23:11:43,916 - INFO - Saving member -- No : 41'
2025-05-30 23:11:43,974 - WARNING - String Serigne Cheikhouna Bombaly is too long...'
2025-05-30 23:11:43,974 - WARNING - Got invalid number'
2025-05-30 23:11:43,974 - INFO - Saving member -- No : 42'
2025-05-30 23:11:43,982 - WARNING - String Serigne Cheikh Bombaly is too long...'
2025-05-30 23:11:43,983 - WARNING - Got invalid number'
2025-05-30 23:11:43,983 - INFO - Saving member -- No : 43'
2025-05-30 23:11:43,991 - WARNING - Got invalid number'
2025-05-30 23:11:43,991 - INFO - Saving member -- No : 44'
2025-05-30 23:11:43,999 - INFO - Saving member -- No : 45'
2025-05-30 23:11:44,012 - WARNING - String Serigne Moustapha Norayni is too long...'
2025-05-30 23:11:44,012 - INFO - Saving member -- No : 46'
2025-05-30 23:11:44,022 - INFO - Saving member -- No : 47'
2025-05-30 23:11:44,032 - WARNING - String Serigne Mouhamed madina is too long...'
2025-05-30 23:11:44,032 - INFO - Saving member -- No : 48'
2025-05-30 23:11:44,044 - INFO - Saving member -- No : 49'
2025-05-30 23:13:04,853 - WARNING - String Serigne Khadim Ndiguel is too long...'
2025-05-30 23:13:04,853 - INFO - Saving member -- No : 1'
2025-05-30 23:13:04,865 - INFO - Saving member -- No : 2'
2025-05-30 23:13:04,876 - WARNING - String Mouhamadou Lamine Bara is too long...'
2025-05-30 23:13:04,876 - INFO - Saving member -- No : 3'
2025-05-30 23:13:04,890 - INFO - Saving member -- No : 4'
2025-05-30 23:13:04,901 - INFO - Saving member -- No : 5'
2025-05-30 23:13:04,913 - INFO - Saving member -- No : 6'
2025-05-30 23:13:04,925 - INFO - Saving member -- No : 7'
2025-05-30 23:13:04,936 - INFO - Saving member -- No : 8'
2025-05-30 23:13:04,948 - INFO - Saving member -- No : 9'
2025-05-30 23:13:04,963 - INFO - Saving member -- No : 10'
2025-05-30 23:13:04,977 - INFO - Saving member -- No : 11'
2025-05-30 23:13:04,985 - INFO - Saving member -- No : 12'
2025-05-30 23:13:04,992 - INFO - Saving member -- No : 13'
2025-05-30 23:13:05,000 - INFO - Saving member -- No : 14'
2025-05-30 23:13:05,009 - INFO - Saving member -- No : 15'
2025-05-30 23:13:05,016 - INFO - Saving member -- No : 16'
2025-05-30 23:13:05,023 - INFO - Saving member -- No : 17'
2025-05-30 23:13:05,030 - INFO - Saving member -- No : 18'
2025-05-30 23:13:05,037 - INFO - Saving member -- No : 19'
2025-05-30 23:13:05,044 - INFO - Saving member -- No : 20'
2025-05-30 23:13:05,051 - INFO - Saving member -- No : 21'
2025-05-30 23:13:05,058 - WARNING - String Serigne Ahmadou Kharabat is too long...'
2025-05-30 23:13:05,059 - INFO - Saving member -- No : 22'
2025-05-30 23:13:05,066 - INFO - Saving member -- No : 23'
2025-05-30 23:13:05,074 - INFO - Saving member -- No : 24'
2025-05-30 23:13:05,085 - INFO - Saving member -- No : 25'
2025-05-30 23:13:05,095 - INFO - Saving member -- No : 26'
2025-05-30 23:13:05,104 - INFO - Saving member -- No : 27'
2025-05-30 23:13:05,116 - INFO - Saving member -- No : 28'
2025-05-30 23:13:05,128 - INFO - Saving member -- No : 29'
2025-05-30 23:13:05,314 - INFO - Saving member -- No : 30'
2025-05-30 23:13:05,362 - INFO - Saving member -- No : 31'
2025-05-30 23:13:05,369 - WARNING - String Serigne Bassirou Mbacke is too long...'
2025-05-30 23:13:05,369 - INFO - Saving member -- No : 32'
2025-05-30 23:13:05,375 - INFO - Saving member -- No : 33'
2025-05-30 23:13:05,383 - INFO - Saving member -- No : 34'
2025-05-30 23:13:05,390 - INFO - Saving member -- No : 35'
2025-05-30 23:13:05,399 - INFO - Saving member -- No : 36'
2025-05-30 23:13:05,412 - INFO - Saving member -- No : 37'
2025-05-30 23:13:05,426 - INFO - Saving member -- No : 38'
2025-05-30 23:13:05,437 - INFO - Saving member -- No : 39'
2025-05-30 23:13:05,453 - INFO - Saving member -- No : 40'
2025-05-30 23:13:05,469 - WARNING - String Serigne Moustapha Kharabat is too long...'
2025-05-30 23:13:05,469 - INFO - Saving member -- No : 41'
2025-05-30 23:13:05,479 - WARNING - String Serigne Cheikhouna Bombaly is too long...'
2025-05-30 23:13:05,479 - WARNING - Got invalid number'
2025-05-30 23:13:05,479 - INFO - Saving member -- No : 42'
2025-05-30 23:13:05,490 - WARNING - String Serigne Cheikh Bombaly is too long...'
2025-05-30 23:13:05,491 - WARNING - Got invalid number'
2025-05-30 23:13:05,491 - INFO - Saving member -- No : 43'
2025-05-30 23:13:05,501 - WARNING - Got invalid number'
2025-05-30 23:13:05,501 - INFO - Saving member -- No : 44'
2025-05-30 23:13:05,513 - INFO - Saving member -- No : 45'
2025-05-30 23:13:05,523 - WARNING - String Serigne Moustapha Norayni is too long...'
2025-05-30 23:13:05,523 - INFO - Saving member -- No : 46'
2025-05-30 23:13:05,533 - INFO - Saving member -- No : 47'
2025-05-30 23:13:05,545 - WARNING - String Serigne Mouhamed madina is too long...'
2025-05-30 23:13:05,545 - INFO - Saving member -- No : 48'
2025-05-30 23:13:05,561 - INFO - Saving member -- No : 49'
2025-05-30 23:15:43,469 - WARNING - String Serigne Khadim Ndiguel is too long...'
2025-05-30 23:15:43,469 - INFO - Saving member -- No : 1'
2025-05-30 23:15:43,482 - INFO - Saving member -- No : 2'
2025-05-30 23:15:43,493 - WARNING - String Mouhamadou Lamine Bara is too long...'
2025-05-30 23:15:43,493 - INFO - Saving member -- No : 3'
2025-05-30 23:15:43,503 - INFO - Saving member -- No : 4'
2025-05-30 23:15:43,513 - INFO - Saving member -- No : 5'
2025-05-30 23:15:43,526 - INFO - Saving member -- No : 6'
2025-05-30 23:15:43,538 - INFO - Saving member -- No : 7'
2025-05-30 23:15:43,548 - INFO - Saving member -- No : 8'
2025-05-30 23:15:43,560 - INFO - Saving member -- No : 9'
2025-05-30 23:15:43,571 - INFO - Saving member -- No : 10'
2025-05-30 23:15:43,582 - INFO - Saving member -- No : 11'
2025-05-30 23:15:43,596 - INFO - Saving member -- No : 12'
2025-05-30 23:15:43,609 - INFO - Saving member -- No : 13'
2025-05-30 23:15:43,620 - INFO - Saving member -- No : 14'
2025-05-30 23:15:43,634 - INFO - Saving member -- No : 15'
2025-05-30 23:15:43,645 - INFO - Saving member -- No : 16'
2025-05-30 23:15:43,656 - INFO - Saving member -- No : 17'
2025-05-30 23:15:43,668 - INFO - Saving member -- No : 18'
2025-05-30 23:15:43,680 - INFO - Saving member -- No : 19'
2025-05-30 23:15:43,692 - INFO - Saving member -- No : 20'
2025-05-30 23:15:43,706 - INFO - Saving member -- No : 21'
2025-05-30 23:15:43,717 - WARNING - String Serigne Ahmadou Kharabat is too long...'
2025-05-30 23:15:43,717 - INFO - Saving member -- No : 22'
2025-05-30 23:15:43,729 - INFO - Saving member -- No : 23'
2025-05-30 23:15:43,742 - INFO - Saving member -- No : 24'
2025-05-30 23:15:43,753 - INFO - Saving member -- No : 25'
2025-05-30 23:15:43,764 - INFO - Saving member -- No : 26'
2025-05-30 23:15:43,776 - INFO - Saving member -- No : 27'
2025-05-30 23:15:43,786 - INFO - Saving member -- No : 28'
2025-05-30 23:15:43,798 - INFO - Saving member -- No : 29'
2025-05-30 23:15:43,810 - INFO - Saving member -- No : 30'
2025-05-30 23:15:43,826 - INFO - Saving member -- No : 31'
2025-05-30 23:15:43,847 - WARNING - String Serigne Bassirou Mbacke is too long...'
2025-05-30 23:15:43,849 - INFO - Saving member -- No : 32'
2025-05-30 23:15:43,866 - INFO - Saving member -- No : 33'
2025-05-30 23:15:43,884 - INFO - Saving member -- No : 34'
2025-05-30 23:15:43,901 - INFO - Saving member -- No : 35'
2025-05-30 23:15:43,916 - INFO - Saving member -- No : 36'
2025-05-30 23:15:43,928 - INFO - Saving member -- No : 37'
2025-05-30 23:15:43,946 - INFO - Saving member -- No : 38'
2025-05-30 23:15:43,961 - INFO - Saving member -- No : 39'
2025-05-30 23:15:43,976 - INFO - Saving member -- No : 40'
2025-05-30 23:15:43,992 - WARNING - String Serigne Moustapha Kharabat is too long...'
2025-05-30 23:15:43,992 - INFO - Saving member -- No : 41'
2025-05-30 23:15:44,009 - WARNING - String Serigne Cheikhouna Bombaly is too long...'
2025-05-30 23:15:44,009 - WARNING - Got invalid number'
2025-05-30 23:15:44,010 - INFO - Saving member -- No : 42'
2025-05-30 23:15:44,028 - WARNING - String Serigne Cheikh Bombaly is too long...'
2025-05-30 23:15:44,028 - WARNING - Got invalid number'
2025-05-30 23:15:44,029 - INFO - Saving member -- No : 43'
2025-05-30 23:15:44,045 - WARNING - Got invalid number'
2025-05-30 23:15:44,045 - INFO - Saving member -- No : 44'
2025-05-30 23:15:44,064 - INFO - Saving member -- No : 45'
2025-05-30 23:15:44,088 - WARNING - String Serigne Moustapha Norayni is too long...'
2025-05-30 23:15:44,089 - INFO - Saving member -- No : 46'
2025-05-30 23:15:44,102 - INFO - Saving member -- No : 47'
2025-05-30 23:15:44,119 - WARNING - String Serigne Mouhamed madina is too long...'
2025-05-30 23:15:44,119 - INFO - Saving member -- No : 48'
2025-05-30 23:15:44,136 - INFO - Saving member -- No : 49'
2025-05-30 23:16:47,589 - WARNING - String Serigne Khadim Ndiguel is too long...'
2025-05-30 23:16:47,589 - INFO - Saving member -- No : 1'
2025-05-30 23:16:47,610 - INFO - Saving member -- No : 2'
2025-05-30 23:16:47,622 - WARNING - String Mouhamadou Lamine Bara is too long...'
2025-05-30 23:16:47,622 - INFO - Saving member -- No : 3'
2025-05-30 23:16:47,632 - INFO - Saving member -- No : 4'
2025-05-30 23:16:47,644 - INFO - Saving member -- No : 5'
2025-05-30 23:16:47,655 - INFO - Saving member -- No : 6'
2025-05-30 23:16:47,666 - INFO - Saving member -- No : 7'
2025-05-30 23:16:47,678 - INFO - Saving member -- No : 8'
2025-05-30 23:16:47,692 - INFO - Saving member -- No : 9'
2025-05-30 23:16:47,704 - INFO - Saving member -- No : 10'
2025-05-30 23:16:47,716 - INFO - Saving member -- No : 11'
2025-05-30 23:16:47,728 - INFO - Saving member -- No : 12'
2025-05-30 23:16:47,739 - INFO - Saving member -- No : 13'
2025-05-30 23:16:47,751 - INFO - Saving member -- No : 14'
2025-05-30 23:16:47,761 - INFO - Saving member -- No : 15'
2025-05-30 23:16:47,774 - INFO - Saving member -- No : 16'
2025-05-30 23:16:47,786 - INFO - Saving member -- No : 17'
2025-05-30 23:16:47,797 - INFO - Saving member -- No : 18'
2025-05-30 23:16:47,807 - INFO - Saving member -- No : 19'
2025-05-30 23:16:47,817 - INFO - Saving member -- No : 20'
2025-05-30 23:16:47,827 - INFO - Saving member -- No : 21'
2025-05-30 23:16:47,836 - WARNING - String Serigne Ahmadou Kharabat is too long...'
2025-05-30 23:16:47,836 - INFO - Saving member -- No : 22'
2025-05-30 23:16:47,847 - INFO - Saving member -- No : 23'
2025-05-30 23:16:47,860 - INFO - Saving member -- No : 24'
2025-05-30 23:16:47,872 - INFO - Saving member -- No : 25'
2025-05-30 23:16:47,884 - INFO - Saving member -- No : 26'
2025-05-30 23:16:47,898 - INFO - Saving member -- No : 27'
2025-05-30 23:16:47,913 - INFO - Saving member -- No : 28'
2025-05-30 23:16:47,927 - INFO - Saving member -- No : 29'
2025-05-30 23:16:47,941 - INFO - Saving member -- No : 30'
2025-05-30 23:16:47,959 - INFO - Saving member -- No : 31'
2025-05-30 23:16:47,976 - WARNING - String Serigne Bassirou Mbacke is too long...'
2025-05-30 23:16:47,976 - INFO - Saving member -- No : 32'
2025-05-30 23:16:47,995 - INFO - Saving member -- No : 33'
2025-05-30 23:16:48,009 - INFO - Saving member -- No : 34'
2025-05-30 23:16:48,026 - INFO - Saving member -- No : 35'
2025-05-30 23:16:48,040 - INFO - Saving member -- No : 36'
2025-05-30 23:16:48,052 - INFO - Saving member -- No : 37'
2025-05-30 23:16:48,065 - INFO - Saving member -- No : 38'
2025-05-30 23:16:48,077 - INFO - Saving member -- No : 39'
2025-05-30 23:16:48,090 - INFO - Saving member -- No : 40'
2025-05-30 23:16:48,104 - WARNING - String Serigne Moustapha Kharabat is too long...'
2025-05-30 23:16:48,104 - INFO - Saving member -- No : 41'
2025-05-30 23:16:48,123 - WARNING - String Serigne Cheikhouna Bombaly is too long...'
2025-05-30 23:16:48,124 - WARNING - Got invalid number'
2025-05-30 23:16:48,124 - INFO - Saving member -- No : 42'
2025-05-30 23:16:48,141 - WARNING - String Serigne Cheikh Bombaly is too long...'
2025-05-30 23:16:48,142 - WARNING - Got invalid number'
2025-05-30 23:16:48,142 - INFO - Saving member -- No : 43'
2025-05-30 23:16:48,161 - WARNING - Got invalid number'
2025-05-30 23:16:48,161 - INFO - Saving member -- No : 44'
2025-05-30 23:16:48,176 - INFO - Saving member -- No : 45'
2025-05-30 23:16:48,190 - WARNING - String Serigne Moustapha Norayni is too long...'
2025-05-30 23:16:48,190 - INFO - Saving member -- No : 46'
2025-05-30 23:16:48,205 - INFO - Saving member -- No : 47'
2025-05-30 23:16:48,220 - WARNING - String Serigne Mouhamed madina is too long...'
2025-05-30 23:16:48,220 - INFO - Saving member -- No : 48'
2025-05-30 23:16:48,239 - INFO - Saving member -- No : 49'
2025-05-30 23:19:25,652 - INFO - Saving member -- No : 1'
2025-05-30 23:19:25,674 - INFO - Saving member -- No : 2'
2025-05-30 23:19:25,698 - INFO - Saving member -- No : 3'
2025-05-30 23:19:25,718 - INFO - Saving member -- No : 4'
2025-05-30 23:19:25,738 - INFO - Saving member -- No : 5'
2025-05-30 23:19:25,756 - INFO - Saving member -- No : 6'
2025-05-30 23:19:25,778 - INFO - Saving member -- No : 7'
2025-05-30 23:19:25,802 - INFO - Saving member -- No : 8'
2025-05-30 23:19:25,817 - INFO - Saving member -- No : 9'
2025-05-30 23:19:25,829 - INFO - Saving member -- No : 10'
2025-05-30 23:19:25,842 - INFO - Saving member -- No : 11'
2025-05-30 23:19:25,857 - INFO - Saving member -- No : 12'
2025-05-30 23:19:25,878 - INFO - Saving member -- No : 13'
2025-05-30 23:19:25,894 - INFO - Saving member -- No : 14'
2025-05-30 23:19:25,917 - INFO - Saving member -- No : 15'
2025-05-30 23:19:25,943 - INFO - Saving member -- No : 16'
2025-05-30 23:19:25,973 - INFO - Saving member -- No : 17'
2025-05-30 23:19:26,003 - INFO - Saving member -- No : 18'
2025-05-30 23:19:26,028 - INFO - Saving member -- No : 19'
2025-05-30 23:19:26,048 - INFO - Saving member -- No : 20'
2025-05-30 23:19:26,068 - INFO - Saving member -- No : 21'
2025-05-30 23:19:26,101 - INFO - Saving member -- No : 22'
2025-05-30 23:19:26,134 - INFO - Saving member -- No : 23'
2025-05-30 23:19:26,150 - INFO - Saving member -- No : 24'
2025-05-30 23:19:26,183 - INFO - Saving member -- No : 25'
2025-05-30 23:19:26,213 - INFO - Saving member -- No : 26'
2025-05-30 23:19:26,247 - INFO - Saving member -- No : 27'
2025-05-30 23:19:26,278 - INFO - Saving member -- No : 28'
2025-05-30 23:19:26,308 - INFO - Saving member -- No : 29'
2025-05-30 23:19:26,336 - INFO - Saving member -- No : 30'
2025-05-30 23:19:26,370 - INFO - Saving member -- No : 31'
2025-05-30 23:19:26,408 - INFO - Saving member -- No : 32'
2025-05-30 23:19:26,440 - INFO - Saving member -- No : 33'
2025-05-30 23:19:26,473 - INFO - Saving member -- No : 34'
2025-05-30 23:19:26,509 - INFO - Saving member -- No : 35'
2025-05-30 23:19:26,551 - INFO - Saving member -- No : 36'
2025-05-30 23:19:26,587 - INFO - Saving member -- No : 37'
2025-05-30 23:19:26,614 - INFO - Saving member -- No : 38'
2025-05-30 23:19:26,630 - INFO - Saving member -- No : 39'
2025-05-30 23:19:26,647 - INFO - Saving member -- No : 40'
2025-05-30 23:19:26,666 - INFO - Saving member -- No : 41'
2025-05-30 23:19:26,683 - WARNING - Got invalid number'
2025-05-30 23:19:26,683 - INFO - Saving member -- No : 42'
2025-05-30 23:19:26,700 - WARNING - Got invalid number'
2025-05-30 23:19:26,700 - INFO - Saving member -- No : 43'
2025-05-30 23:19:26,718 - WARNING - Got invalid number'
2025-05-30 23:19:26,719 - INFO - Saving member -- No : 44'
2025-05-30 23:19:26,740 - INFO - Saving member -- No : 45'
2025-05-30 23:19:26,766 - INFO - Saving member -- No : 46'
2025-05-30 23:19:26,782 - INFO - Saving member -- No : 47'
2025-05-30 23:19:26,807 - INFO - Saving member -- No : 48'
2025-05-30 23:19:26,823 - INFO - Saving member -- No : 49'
2025-05-30 23:20:56,581 - INFO - Saving member -- No : 1'
2025-05-30 23:20:56,583 - INFO - Saving member -- No : 2'
2025-05-30 23:20:56,584 - INFO - Saving member -- No : 3'
2025-05-30 23:20:56,585 - INFO - Saving member -- No : 4'
2025-05-30 23:20:56,586 - INFO - Saving member -- No : 5'
2025-05-30 23:20:56,587 - INFO - Saving member -- No : 6'
2025-05-30 23:20:56,588 - INFO - Saving member -- No : 7'
2025-05-30 23:20:56,590 - INFO - Saving member -- No : 8'
2025-05-30 23:20:56,593 - INFO - Saving member -- No : 9'
2025-05-30 23:20:56,596 - INFO - Saving member -- No : 10'
2025-05-30 23:20:56,599 - INFO - Saving member -- No : 11'
2025-05-30 23:20:56,601 - INFO - Saving member -- No : 12'
2025-05-30 23:20:56,605 - INFO - Saving member -- No : 13'
2025-05-30 23:20:56,607 - INFO - Saving member -- No : 14'
2025-05-30 23:20:56,610 - INFO - Saving member -- No : 15'
2025-05-30 23:20:56,613 - INFO - Saving member -- No : 16'
2025-05-30 23:20:56,617 - INFO - Saving member -- No : 17'
2025-05-30 23:20:56,619 - INFO - Saving member -- No : 18'
2025-05-30 23:20:56,622 - INFO - Saving member -- No : 19'
2025-05-30 23:20:56,624 - INFO - Saving member -- No : 20'
2025-05-30 23:20:56,625 - INFO - Saving member -- No : 21'
2025-05-30 23:20:56,627 - INFO - Saving member -- No : 22'
2025-05-30 23:20:56,630 - INFO - Saving member -- No : 23'
2025-05-30 23:20:56,631 - INFO - Saving member -- No : 24'
2025-05-30 23:20:56,632 - INFO - Saving member -- No : 25'
2025-05-30 23:20:56,634 - INFO - Saving member -- No : 26'
2025-05-30 23:20:56,636 - INFO - Saving member -- No : 27'
2025-05-30 23:20:56,637 - INFO - Saving member -- No : 28'
2025-05-30 23:20:56,639 - INFO - Saving member -- No : 29'
2025-05-30 23:20:56,641 - INFO - Saving member -- No : 30'
2025-05-30 23:20:56,643 - INFO - Saving member -- No : 31'
2025-05-30 23:20:56,645 - INFO - Saving member -- No : 32'
2025-05-30 23:20:56,648 - INFO - Saving member -- No : 33'
2025-05-30 23:20:56,650 - INFO - Saving member -- No : 34'
2025-05-30 23:20:56,653 - INFO - Saving member -- No : 35'
2025-05-30 23:20:56,655 - INFO - Saving member -- No : 36'
2025-05-30 23:20:56,657 - INFO - Saving member -- No : 37'
2025-05-30 23:20:56,659 - INFO - Saving member -- No : 38'
2025-05-30 23:20:56,662 - INFO - Saving member -- No : 39'
2025-05-30 23:20:56,665 - INFO - Saving member -- No : 40'
2025-05-30 23:20:56,667 - INFO - Saving member -- No : 41'
2025-05-30 23:21:04,272 - WARNING - Got invalid number'
2025-05-30 23:21:04,273 - INFO - Saving member -- No : 42'
2025-05-30 23:21:06,565 - WARNING - Got invalid number'
2025-05-30 23:21:06,565 - INFO - Saving member -- No : 43'
2025-05-30 23:21:06,992 - WARNING - Got invalid number'
2025-05-30 23:21:06,992 - INFO - Saving member -- No : 44'
2025-05-30 23:21:06,994 - INFO - Saving member -- No : 45'
2025-05-30 23:21:06,996 - INFO - Saving member -- No : 46'
2025-05-30 23:21:06,998 - INFO - Saving member -- No : 47'
2025-05-30 23:21:07,004 - INFO - Saving member -- No : 48'
2025-05-30 23:21:07,011 - INFO - Saving member -- No : 49'
2025-05-30 23:27:08,724 - INFO - Saving member -- No : 1'
2025-05-30 23:27:08,726 - WARNING - Got invalid number'
2025-05-30 23:27:08,726 - INFO - Saving member -- No : 2'
2025-05-30 23:27:08,728 - INFO - Saving member -- No : 3'
2025-05-30 23:27:08,729 - INFO - Saving member -- No : 4'
2025-05-30 23:27:08,730 - INFO - Saving member -- No : 5'
2025-05-30 23:27:08,732 - INFO - Saving member -- No : 6'
2025-05-30 23:27:08,733 - INFO - Saving member -- No : 7'
2025-05-30 23:27:08,734 - INFO - Saving member -- No : 8'
2025-05-30 23:27:08,735 - INFO - Saving member -- No : 9'
2025-05-30 23:27:08,736 - WARNING - Got invalid number'
2025-05-30 23:27:08,736 - INFO - Saving member -- No : 10'
2025-05-30 23:27:08,738 - INFO - Saving member -- No : 11'
2025-05-30 23:27:08,739 - INFO - Saving member -- No : 12'
2025-05-30 23:27:08,741 - INFO - Saving member -- No : 13'
2025-05-30 23:27:08,742 - INFO - Saving member -- No : 14'
2025-05-30 23:27:08,744 - INFO - Saving member -- No : 15'
2025-05-30 23:27:08,745 - INFO - Saving member -- No : 16'
2025-05-30 23:27:08,746 - INFO - Saving member -- No : 17'
2025-05-30 23:27:08,748 - INFO - Saving member -- No : 18'
2025-05-30 23:27:08,750 - INFO - Saving member -- No : 19'
2025-05-30 23:27:08,753 - INFO - Saving member -- No : 20'
2025-05-30 23:27:08,756 - INFO - Saving member -- No : 21'
2025-05-30 23:27:08,758 - INFO - Saving member -- No : 22'
2025-05-30 23:27:08,761 - WARNING - Got invalid number'
2025-05-30 23:27:08,762 - INFO - Saving member -- No : 23'
2025-05-30 23:27:42,762 - INFO - Saving member -- No : 1'
2025-05-30 23:27:44,624 - WARNING - Got invalid number'
2025-05-30 23:27:44,624 - INFO - Saving member -- No : 2'
2025-05-30 23:27:44,626 - INFO - Saving member -- No : 3'
2025-05-30 23:27:44,628 - INFO - Saving member -- No : 4'
2025-05-30 23:27:44,630 - INFO - Saving member -- No : 5'
2025-05-30 23:27:44,632 - INFO - Saving member -- No : 6'
2025-05-30 23:27:44,633 - INFO - Saving member -- No : 7'
2025-05-30 23:27:44,635 - INFO - Saving member -- No : 8'
2025-05-30 23:27:44,637 - INFO - Saving member -- No : 9'
2025-05-30 23:27:45,130 - WARNING - Got invalid number'
2025-05-30 23:27:45,131 - INFO - Saving member -- No : 10'
2025-05-30 23:27:45,134 - INFO - Saving member -- No : 11'
2025-05-30 23:27:45,135 - INFO - Saving member -- No : 12'
2025-05-30 23:27:45,138 - INFO - Saving member -- No : 13'
2025-05-30 23:27:45,140 - INFO - Saving member -- No : 14'
2025-05-30 23:27:45,144 - INFO - Saving member -- No : 15'
2025-05-30 23:27:45,146 - INFO - Saving member -- No : 16'
2025-05-30 23:27:45,148 - INFO - Saving member -- No : 17'
2025-05-30 23:27:45,151 - INFO - Saving member -- No : 18'
2025-05-30 23:27:45,156 - INFO - Saving member -- No : 19'
2025-05-30 23:27:45,159 - INFO - Saving member -- No : 20'
2025-05-30 23:27:45,165 - INFO - Saving member -- No : 21'
2025-05-30 23:27:45,199 - INFO - Saving member -- No : 22'
2025-05-30 23:27:45,608 - WARNING - Got invalid number'
2025-05-30 23:27:45,609 - INFO - Saving member -- No : 23'
